-------------------------------------------------------------------------------
Test set: com.verification.structural.CustomerProductAPIVerification
-------------------------------------------------------------------------------
Tests run: 16, Failures: 3, Errors: 0, Skipped: 0, Time elapsed: 0.038 s <<< FAILURE! - in com.verification.structural.CustomerProductAPIVerification
annotations$CrossOriginAnnotation  Time elapsed: 0 s  <<< FAILURE!
org.opentest4j.AssertionFailedError: expected: <true> but was: <false>
	at com.verification.structural.CustomerProductAPIVerification.annotations$CrossOriginAnnotation(CustomerProductAPIVerification.java:47)

annotations$ValidatedAnnotation  Time elapsed: 0 s  <<< FAILURE!
org.opentest4j.AssertionFailedError: expected: <true> but was: <false>
	at com.verification.structural.CustomerProductAPIVerification.annotations$ValidatedAnnotation(CustomerProductAPIVerification.java:40)

annotations$RestControllerAnnotation  Time elapsed: 0.003 s  <<< FAILURE!
org.opentest4j.AssertionFailedError: expected: <true> but was: <false>
	at com.verification.structural.CustomerProductAPIVerification.annotations$RestControllerAnnotation(CustomerProductAPIVerification.java:26)

