-------------------------------------------------------------------------------
Test set: com.verification.structural.ProductRepositoryVerification
-------------------------------------------------------------------------------
Tests run: 1, Failures: 1, Errors: 0, Skipped: 0, Time elapsed: 0 s <<< FAILURE! - in com.verification.structural.ProductRepositoryVerification
inheritance  Time elapsed: 0 s  <<< FAILURE!
org.opentest4j.AssertionFailedError: expected: <true> but was: <false>
	at com.verification.structural.ProductRepositoryVerification.inheritance(ProductRepositoryVerification.java:15)

