-------------------------------------------------------------------------------
Test set: com.verification.codeanalysis.PMDVerification
-------------------------------------------------------------------------------
Tests run: 1, Failures: 1, Errors: 0, Skipped: 0, Time elapsed: 2.075 s <<< FAILURE! - in com.verification.codeanalysis.PMDVerification
codingStandards  Time elapsed: 2.062 s  <<< FAILURE!
org.opentest4j.AssertionFailedError: 2 files contain violation(s)! File Name: CustomerProductServiceImpl.java - UnusedPrivateField : Avoid unused private fields such as 'productRepository'. | File Name: CustomerProductAPI.java - UnusedPrivateField : Avoid unused private fields such as 'customerProductService'. - UnusedPrivateField : Avoid unused private fields such as 'environment'. - UnusedFormalParameter : Avoid unused method parameters such as 'productId'. - UnusedFormalParameter : Avoid unused method parameters such as 'productId'. - UnusedFormalParameter : Avoid unused method parameters such as 'quantity'. | ==> expected: <true> but was: <false>
	at com.verification.codeanalysis.PMDVerification.codingStandards(PMDVerification.java:55)

