<?xml version="1.0" encoding="UTF-8"?>
<testsuite xmlns:xsi="http://www.w3.org/2001/XMLSchema-instance" xsi:noNamespaceSchemaLocation="https://maven.apache.org/surefire/maven-surefire-plugin/xsd/surefire-test-report.xsd" name="com.verification.logical.CustomerProductAPIVerification" time="5.579" tests="5" errors="1" skipped="0" failures="4">
  <properties>
[...]
</properties>
  <testcase name="getProductById" classname="com.verification.logical.CustomerProductAPIVerification" time="0.054">
    <failure message="&#10;Wanted but not invoked:&#10;customerProductService.getProductById(1000);&#10;-&gt; at com.verification.logical.CustomerProductAPIVerification.getProductById(CustomerProductAPIVerification.java:73)&#10;Actually, there were zero interactions with this mock.&#10;" type="org.mockito.exceptions.verification.WantedButNotInvoked">org.mockito.exceptions.verification.WantedButNotInvoked: 

Wanted but not invoked:
customerProductService.getProductById(1000);
-> at com.verification.logical.CustomerProductAPIVerification.getProductById(CustomerProductAPIVerification.java:73)
Actually, there were zero interactions with this mock.

	at com.verification.logical.CustomerProductAPIVerification.getProductById(CustomerProductAPIVerification.java:73)
</failure>
    <system-out><![CDATA[
  .   ____          _            __ _ _
 /\\ / ___'_ __ _ _(_)_ __  __ _ \ \ \ \
( ( )\___ | '_ | '_| | '_ \/ _` | \ \ \ \
 \\/  ___)| |_)| | | | | || (_| |  ) ) ) )
  '  |____| .__|_| |_|_| |_\__, | / / / /
 =========|_|==============|___/=/_/_/_/
 :: Spring Boot ::                (v2.6.6)

]]></system-out>
  </testcase>
  <testcase name="getAllProducts" classname="com.verification.logical.CustomerProductAPIVerification" time="0.008">
    <failure message="&#10;Wanted but not invoked:&#10;customerProductService.getAllProducts();&#10;-&gt; at com.verification.logical.CustomerProductAPIVerification.getAllProducts(CustomerProductAPIVerification.java:142)&#10;Actually, there were zero interactions with this mock.&#10;" type="org.mockito.exceptions.verification.WantedButNotInvoked">org.mockito.exceptions.verification.WantedButNotInvoked: 

Wanted but not invoked:
customerProductService.getAllProducts();
-> at com.verification.logical.CustomerProductAPIVerification.getAllProducts(CustomerProductAPIVerification.java:142)
Actually, there were zero interactions with this mock.

	at com.verification.logical.CustomerProductAPIVerification.getAllProducts(CustomerProductAPIVerification.java:142)
</failure>
  </testcase>
  <testcase name="reduceAvailableQuantity" classname="com.verification.logical.CustomerProductAPIVerification" time="0.006">
    <error message="Cannot invoke &quot;org.springframework.http.ResponseEntity.getStatusCode()&quot; because &quot;actualResponseEntity&quot; is null" type="java.lang.NullPointerException">java.lang.NullPointerException: Cannot invoke "org.springframework.http.ResponseEntity.getStatusCode()" because "actualResponseEntity" is null
	at com.verification.logical.CustomerProductAPIVerification.reduceAvailableQuantity(CustomerProductAPIVerification.java:84)
</error>
  </testcase>
  <testcase name="reduceAvailableQuantity$ProductNotAvailabe" classname="com.verification.logical.CustomerProductAPIVerification" time="0.012">
    <failure message="Expected com.infy.ekart.product.exception.EKartProductException to be thrown, but nothing was thrown." type="org.opentest4j.AssertionFailedError">org.opentest4j.AssertionFailedError: Expected com.infy.ekart.product.exception.EKartProductException to be thrown, but nothing was thrown.
	at com.verification.logical.CustomerProductAPIVerification.reduceAvailableQuantity$ProductNotAvailabe(CustomerProductAPIVerification.java:187)
</failure>
  </testcase>
  <testcase name="getProductById$ProductNotAvailabe" classname="com.verification.logical.CustomerProductAPIVerification" time="0.007">
    <failure message="Expected com.infy.ekart.product.exception.EKartProductException to be thrown, but nothing was thrown." type="org.opentest4j.AssertionFailedError">org.opentest4j.AssertionFailedError: Expected com.infy.ekart.product.exception.EKartProductException to be thrown, but nothing was thrown.
	at com.verification.logical.CustomerProductAPIVerification.getProductById$ProductNotAvailabe(CustomerProductAPIVerification.java:167)
</failure>
  </testcase>
</testsuite>